Detecting C compiler ABI info failed to compile with the following output:
Change Dir: /cygdrive/c/Users/malia/Degree/Semester d/Advanced OOP/labs/AdvanceOOPLabs-CPP/lab01/cmake-build-debug/CMakeFiles/CMakeTmp

Run Build Command(s):/cygdrive/c/Users/malia/AppData/Local/JetBrains/Toolbox/apps/CLion/ch-1/223.8836.42/bin/ninja/cygwin/x64/ninja.exe cmTC_e9658 && ninja: error: unknown target 'cmTC_e9658'




Detecting C compiler ABI info failed to compile with the following output:
Change Dir: /cygdrive/c/Users/malia/Degree/Semester d/Advanced OOP/labs/AdvanceOOPLabs-CPP/lab01/cmake-build-debug/CMakeFiles/CMakeTmp

Run Build Command(s):/cygdrive/c/Users/malia/AppData/Local/JetBrains/Toolbox/apps/CLion/ch-1/223.8836.42/bin/ninja/cygwin/x64/ninja.exe cmTC_07a96 && [1/2] Building C object CMakeFiles/cmTC_07a96.dir/CMakeCCompilerABI.c.o
FAILED: CMakeFiles/cmTC_07a96.dir/CMakeCCompilerABI.c.o 
/usr/bin/cc   -fdiagnostics-color=always   -v -o CMakeFiles/cmTC_07a96.dir/CMakeCCompilerABI.c.o -c /cygdrive/c/Users/malia/AppData/Local/JetBrains/CLion2022.3/cygwin_cmake/share/cmake-3.24.2/Modules/CMakeCCompilerABI.c
Using built-in specs.
COLLECT_GCC=/usr/bin/cc
Target: x86_64-pc-cygwin
Configured with: /cygdrive/i/szsz/tmpp/gcc/gcc-7.4.0-1.x86_64/src/gcc-7.4.0/configure --srcdir=/cygdrive/i/szsz/tmpp/gcc/gcc-7.4.0-1.x86_64/src/gcc-7.4.0 --prefix=/usr --exec-prefix=/usr --localstatedir=/var --sysconfdir=/etc --docdir=/usr/share/doc/gcc --htmldir=/usr/share/doc/gcc/html -C --build=x86_64-pc-cygwin --host=x86_64-pc-cygwin --target=x86_64-pc-cygwin --without-libiconv-prefix --without-libintl-prefix --libexecdir=/usr/lib --enable-shared --enable-shared-libgcc --enable-static --enable-version-specific-runtime-libs --enable-bootstrap --enable-__cxa_atexit --with-dwarf2 --with-tune=generic --enable-languages=ada,c,c++,fortran,lto,objc,obj-c++ --enable-graphite --enable-threads=posix --enable-libatomic --enable-libcilkrts --enable-libgomp --enable-libitm --enable-libquadmath --enable-libquadmath-support --disable-libssp --enable-libada --disable-symvers --with-gnu-ld --with-gnu-as --with-cloog-include=/usr/include/cloog-isl --without-libiconv-prefix --without-libintl-prefix --with-system-zlib --enable-linker-build-id --with-default-libstdcxx-abi=gcc4-compatible --enable-libstdcxx-filesystem-ts
Thread model: posix
gcc version 7.4.0 (GCC) 
COLLECT_GCC_OPTIONS='-fdiagnostics-color=always' '-v' '-o' 'CMakeFiles/cmTC_07a96.dir/CMakeCCompilerABI.c.o' '-c' '-mtune=generic' '-march=x86-64'
 /usr/lib/gcc/x86_64-pc-cygwin/7.4.0/cc1.exe -quiet -v -idirafter /usr/lib/gcc/x86_64-pc-cygwin/7.4.0/../../../../lib/../include/w32api -idirafter /usr/lib/gcc/x86_64-pc-cygwin/7.4.0/../../../../x86_64-pc-cygwin/lib/../lib/../../include/w32api /cygdrive/c/Users/malia/AppData/Local/JetBrains/CLion2022.3/cygwin_cmake/share/cmake-3.24.2/Modules/CMakeCCompilerABI.c -quiet -dumpbase CMakeCCompilerABI.c -mtune=generic -march=x86-64 -auxbase-strip CMakeFiles/cmTC_07a96.dir/CMakeCCompilerABI.c.o -version -fdiagnostics-color=always -o /tmp/ccMtXtik.s
GNU C11 (GCC) version 7.4.0 (x86_64-pc-cygwin)
	compiled by GNU C version 7.4.0, GMP version 6.1.2, MPFR version 4.0.1-p11, MPC version 1.1.0, isl version isl-0.16.1-GMP

warning: GMP header version 6.1.2 differs from library version 6.2.1.
warning: MPFR header version 4.0.1-p11 differs from library version 4.1.0.
warning: MPC header version 1.1.0 differs from library version 1.2.1.
GGC heuristics: --param ggc-min-expand=100 --param ggc-min-heapsize=131072
ignoring nonexistent directory "/usr/local/include"
ignoring nonexistent directory "/usr/lib/gcc/x86_64-pc-cygwin/7.4.0/include-fixed"
ignoring nonexistent directory "/usr/lib/gcc/x86_64-pc-cygwin/7.4.0/../../../../x86_64-pc-cygwin/include"
ignoring duplicate directory "/usr/lib/gcc/x86_64-pc-cygwin/7.4.0/../../../../x86_64-pc-cygwin/lib/../lib/../../include/w32api"
#include "..." search starts here:
#include <...> search starts here:
 /usr/lib/gcc/x86_64-pc-cygwin/7.4.0/include
 /usr/include
 /usr/lib/gcc/x86_64-pc-cygwin/7.4.0/../../../../lib/../include/w32api
End of search list.
GNU C11 (GCC) version 7.4.0 (x86_64-pc-cygwin)
	compiled by GNU C version 7.4.0, GMP version 6.1.2, MPFR version 4.0.1-p11, MPC version 1.1.0, isl version isl-0.16.1-GMP

warning: GMP header version 6.1.2 differs from library version 6.2.1.
warning: MPFR header version 4.0.1-p11 differs from library version 4.1.0.
warning: MPC header version 1.1.0 differs from library version 1.2.1.
GGC heuristics: --param ggc-min-expand=100 --param ggc-min-heapsize=131072
Compiler executable checksum: 270bde28ab2fe879b4f5a4d0227b7e66
COLLECT_GCC_OPTIONS='-fdiagnostics-color=always' '-v' '-o' 'CMakeFiles/cmTC_07a96.dir/CMakeCCompilerABI.c.o' '-c' '-mtune=generic' '-march=x86-64'
 /usr/lib/gcc/x86_64-pc-cygwin/7.4.0/../../../../x86_64-pc-cygwin/bin/as.exe -v -o CMakeFiles/cmTC_07a96.dir/CMakeCCompilerABI.c.o /tmp/ccMtXtik.s
GNU assembler version 2.37 (x86_64-pc-cygwin) using BFD version (GNU Binutils) 2.37
Assembler messages:
Fatal error: can't create CMakeFiles/cmTC_07a96.dir/CMakeCCompilerABI.c.o: No such file or directory
ninja: build stopped: subcommand failed.




